<?xml version="1.0" encoding="UTF-8"?>
<!-- Generated by org.testng.reporters.JUnitReportReporter -->
<testsuite hostname="DESKTOP-SPPI0K5" failures="0" tests="1" name="testCases.Contact_US_Scenario" time="8.059" errors="0" timestamp="2021-09-14T17:55:17 EDT" skipped="0">
  <testcase classname="testCases.Contact_US_Scenario" name="ContactUs" time="8.059"/>
  <system-out/>
</testsuite> <!-- testCases.Contact_US_Scenario -->
