<?xml version="1.0" encoding="UTF-8"?>
<!-- Generated by org.testng.reporters.JUnitReportReporter -->
<testsuite hostname="DESKTOP-SPPI0K5" failures="0" tests="1" name="com.demotour.testcases.NewRegistration" time="11.067" errors="0" timestamp="2022-12-24T13:41:47 EST" skipped="0">
  <testcase classname="com.demotour.testcases.NewRegistration" name="Registration" time="11.067"/>
  <system-out/>
</testsuite> <!-- com.demotour.testcases.NewRegistration -->
