<?xml version="1.0" encoding="UTF-8"?>
<!-- Generated by org.testng.reporters.JUnitReportReporter -->
<testsuite hostname="DESKTOP-SPPI0K5" failures="0" tests="2" name="testCases.RegisterNewAccount" time="28.939" errors="0" timestamp="2021-09-14T17:55:17 EDT" skipped="0">
  <testcase classname="testCases.RegisterNewAccount" name="CreateAccount" time="12.494"/>
  <system-out/>
  <testcase classname="testCases.RegisterNewAccount" name="CreateAccount" time="16.445"/>
  <system-out/>
</testsuite> <!-- testCases.RegisterNewAccount -->
