<?xml version="1.0" encoding="UTF-8"?>
<!-- Generated by org.testng.reporters.JUnitReportReporter -->
<testsuite hostname="DESKTOP-SPPI0K5" failures="0" tests="1" name="com.demotour.testcases.NewRegistration" time="16.820" errors="0" timestamp="2022-12-14T18:18:41 EST" skipped="0">
  <testcase classname="com.demotour.testcases.NewRegistration" name="ContactUs" time="16.820"/>
  <system-out/>
</testsuite> <!-- com.demotour.testcases.NewRegistration -->
